2020-03-04 14:12:36 => 地税接口通讯系统启动123
2020-03-04 15:44:57 => 处理未评价信息[]
2020-03-04 15:44:57 => 发送报文(网络监测)[http://162.12.15.224/services/pdjhjWebService_getSystemTime?wsdl][getSystemTime]:
2020-03-04 15:45:47 => 处理未评价信息[]
2020-03-04 15:46:29 => 发送报文(网络监测)[http://162.12.15.224/services/pdjhjWebService_getSystemTime?wsdl][getSystemTime]:
2020-03-04 15:46:37 => 处理未评价信息[]
2020-03-04 15:47:27 => 处理未评价信息[]
2020-03-04 15:47:45 => 发送报文(网络监测)[http://162.12.15.224/services/pdjhjWebService_getSystemTime?wsdl][getSystemTime]:
2020-03-04 15:48:17 => 处理未评价信息[]
2020-03-04 15:49:01 => 发送报文(网络监测)[http://162.12.15.224/services/pdjhjWebService_getSystemTime?wsdl][getSystemTime]:
2020-03-04 15:49:07 => 处理未评价信息[]
2020-03-04 15:49:57 => 处理未评价信息[]
2020-03-04 15:50:17 => 发送报文(网络监测)[http://162.12.15.224/services/pdjhjWebService_getSystemTime?wsdl][getSystemTime]:
2020-03-04 15:50:47 => 处理未评价信息[]
2020-03-04 15:51:33 => 发送报文(网络监测)[http://162.12.15.224/services/pdjhjWebService_getSystemTime?wsdl][getSystemTime]:
2020-03-04 15:58:04 => 地税接口通讯系统启动
2020-03-04 15:58:04 => 处理未评价信息[]
2020-03-04 15:58:04 => 发送报文(网络监测)[http://162.12.15.224/services/pdjhjWebService_getSystemTime?wsdl][getSystemTime]:
2020-03-04 16:12:39 => 地税接口通讯系统启动
2020-03-04 16:23:42 => 地税接口通讯系统启动
2020-03-04 16:27:21 => 地税接口通讯系统启动
2020-03-04 16:27:21 => 发送报文[][]:
2020-03-04 16:27:21 => 发送报文[][]:
2020-03-04 16:27:21 => 发送报文[][]:
2020-03-04 16:27:21 => 发送报文[][]:
2020-03-04 16:27:21 => 发送报文[][]:
2020-03-04 16:27:22 => 发送报文[][]:
2020-03-04 16:27:22 => 发送报文[][]:
2020-03-04 16:27:22 => 发送报文[][]:
2020-03-04 16:27:22 => 发送报文[][]:
2020-03-04 16:27:22 => 发送报文[][]:
2020-03-04 16:27:22 => 发送报文[][]:
2020-03-04 16:27:22 => 发送报文[][]:
2020-03-04 16:27:22 => 发送报文[][]:
2020-03-04 16:27:23 => 发送报文[][]:
2020-03-04 16:27:23 => 发送报文[][]:
2020-03-04 16:27:23 => 发送报文[][]:
2020-03-04 16:27:23 => 发送报文[][]:
2020-03-04 16:27:23 => 发送报文[][]:
2020-03-04 16:27:23 => 发送报文[][]:
2020-03-04 16:27:24 => 发送报文[][]:
2020-03-04 16:27:24 => 发送报文[][]:
2020-03-04 16:27:24 => 发送报文[][]:
2020-03-04 16:27:24 => 发送报文[][]:
2020-03-04 16:27:24 => 发送报文[][]:
2020-03-04 16:27:24 => 发送报文[][]:
2020-03-04 16:27:24 => 发送报文[][]:
2020-03-04 16:27:24 => 发送报文[][]:
2020-03-04 16:27:25 => 发送报文[][]:
2020-03-04 16:27:25 => 发送报文[][]:
2020-03-04 16:27:25 => 发送报文[][]:
2020-03-04 16:27:25 => 发送报文[][]:
2020-03-04 16:27:25 => 发送报文[][]:
2020-03-04 16:27:25 => 发送报文[][]:
2020-03-04 16:27:25 => 发送报文[][]:
2020-03-04 16:27:26 => 发送报文[][]:
2020-03-04 16:27:26 => 发送报文[][]:
2020-03-04 16:27:26 => 发送报文[][]:
2020-03-04 16:27:26 => 发送报文[][]:
2020-03-04 16:27:26 => 发送报文[][]:
2020-03-04 16:27:26 => 发送报文[][]:
2020-03-04 16:27:26 => 发送报文[][]:
2020-03-04 16:27:27 => 发送报文[][]:
2020-03-04 16:27:27 => 发送报文[][]:
2020-03-04 16:27:27 => 发送报文[][]:
2020-03-04 16:27:27 => 发送报文[][]:
2020-03-04 16:27:27 => 发送报文[][]:
2020-03-04 16:27:27 => 发送报文[][]:
2020-03-04 16:27:27 => 发送报文[][]:
2020-03-04 16:27:28 => 发送报文[][]:
2020-03-04 16:27:28 => 发送报文[][]:
2020-03-04 16:27:28 => 发送报文[][]:
2020-03-04 16:27:28 => 发送报文[][]:
2020-03-04 16:27:28 => 发送报文[][]:
2020-03-04 16:27:28 => 发送报文[][]:
2020-03-04 16:27:28 => 发送报文[][]:
2020-03-04 16:27:29 => 发送报文[][]:
2020-03-04 16:27:29 => 发送报文[][]:
2020-03-04 16:27:29 => 发送报文[][]:
2020-03-04 16:27:29 => 发送报文[][]:
2020-03-04 16:27:29 => 发送报文[][]:
2020-03-04 16:27:29 => 发送报文[][]:
2020-03-04 16:27:29 => 发送报文[][]:
2020-03-04 16:27:30 => 发送报文[][]:
2020-03-04 16:27:30 => 发送报文[][]:
2020-03-04 16:27:30 => 发送报文[][]:
2020-03-04 16:27:30 => 发送报文[][]:
2020-03-04 16:27:30 => 发送报文[][]:
2020-03-04 16:27:30 => 发送报文[][]:
2020-03-04 16:27:30 => 发送报文[][]:
2020-03-04 16:27:31 => 发送报文[][]:
2020-03-04 16:27:31 => 发送报文[][]:
2020-03-04 16:27:31 => 发送报文[][]:
2020-03-04 16:27:31 => 发送报文[][]:
2020-03-04 16:27:31 => 发送报文[][]:
2020-03-04 16:27:31 => 发送报文[][]:
2020-03-04 16:27:31 => 发送报文[][]:
2020-03-04 16:27:32 => 发送报文[][]:
2020-03-04 16:27:32 => 发送报文[][]:
2020-03-04 16:27:32 => 发送报文[][]:
2020-03-04 16:27:32 => 发送报文[][]:
2020-03-04 16:27:32 => 发送报文[][]:
2020-03-04 16:27:32 => 发送报文[][]:
2020-03-04 16:27:32 => 发送报文[][]:
2020-03-04 16:27:33 => 发送报文[][]:
2020-03-04 16:27:33 => 发送报文[][]:
2020-03-04 16:27:33 => 发送报文[][]:
2020-03-04 16:27:33 => 发送报文[][]:
2020-03-04 16:27:33 => 发送报文[][]:
2020-03-04 16:27:33 => 发送报文[][]:
2020-03-04 16:27:33 => 发送报文[][]:
2020-03-04 16:27:34 => 发送报文[][]:
2020-03-04 16:27:34 => 发送报文[][]:
2020-03-04 16:27:34 => 发送报文[][]:
2020-03-04 16:27:34 => 发送报文[][]:
2020-03-04 16:27:34 => 发送报文[][]:
2020-03-04 16:27:34 => 发送报文[][]:
2020-03-04 16:27:34 => 发送报文[][]:
2020-03-04 16:27:35 => 发送报文[][]:
2020-03-04 16:27:35 => 发送报文[][]:
2020-03-04 16:27:35 => 发送报文[][]:
2020-03-04 16:27:35 => 发送报文[][]:
2020-03-04 16:27:35 => 发送报文[][]:
2020-03-04 16:27:35 => 发送报文[][]:
2020-03-04 16:27:35 => 发送报文[][]:
2020-03-04 16:27:36 => 发送报文[][]:
2020-03-04 16:27:36 => 发送报文[][]:
2020-03-04 16:27:36 => 发送报文[][]:
2020-03-04 16:27:36 => 发送报文[][]:
2020-03-04 16:27:36 => 发送报文[][]:
2020-03-04 16:27:36 => 发送报文[][]:
2020-03-04 16:27:36 => 发送报文[][]:
2020-03-04 16:27:37 => 发送报文[][]:
2020-03-04 16:27:37 => 发送报文[][]:
2020-03-04 16:27:37 => 发送报文[][]:
2020-03-04 16:27:37 => 发送报文[][]:
2020-03-04 16:27:37 => 发送报文[][]:
2020-03-04 16:27:37 => 发送报文[][]:
2020-03-04 16:27:37 => 发送报文[][]:
2020-03-04 16:27:38 => 发送报文[][]:
2020-03-04 16:27:38 => 发送报文[][]:
2020-03-04 16:27:38 => 发送报文[][]:
2020-03-04 16:27:38 => 发送报文[][]:
2020-03-04 16:27:38 => 发送报文[][]:
2020-03-04 16:27:38 => 发送报文[][]:
2020-03-04 16:27:38 => 发送报文[][]:
2020-03-04 16:27:39 => 发送报文[][]:
2020-03-04 16:27:39 => 发送报文[][]:
2020-03-04 16:27:39 => 发送报文[][]:
2020-03-04 16:27:39 => 发送报文[][]:
2020-03-04 16:27:39 => 发送报文[][]:
2020-03-04 16:27:39 => 发送报文[][]:
2020-03-04 16:27:39 => 发送报文[][]:
2020-03-04 16:27:40 => 发送报文[][]:
2020-03-04 16:27:40 => 发送报文[][]:
2020-03-04 16:27:40 => 发送报文[][]:
2020-03-04 16:27:40 => 发送报文[][]:
2020-03-04 16:27:40 => 发送报文[][]:
2020-03-04 16:27:40 => 发送报文[][]:
2020-03-04 16:27:40 => 发送报文[][]:
2020-03-04 16:27:41 => 发送报文[][]:
2020-03-04 16:27:41 => 发送报文[][]:
2020-03-04 16:27:41 => 发送报文[][]:
2020-03-04 16:27:41 => 发送报文[][]:
2020-03-04 16:27:41 => 发送报文[][]:
2020-03-04 16:27:41 => 发送报文[][]:
2020-03-04 16:27:41 => 发送报文[][]:
2020-03-04 16:27:42 => 发送报文[][]:
2020-03-04 16:27:42 => 发送报文[][]:
2020-03-04 16:27:42 => 发送报文[][]:
2020-03-04 16:27:42 => 发送报文[][]:
2020-03-04 16:27:42 => 发送报文[][]:
2020-03-04 16:27:42 => 发送报文[][]:
2020-03-04 16:27:42 => 发送报文[][]:
2020-03-04 16:27:42 => 发送报文[][]:
2020-03-04 16:27:43 => 发送报文[][]:
2020-03-04 16:27:43 => 发送报文[][]:
2020-03-04 16:27:43 => 发送报文[][]:
2020-03-04 16:27:43 => 发送报文[][]:
2020-03-04 16:27:43 => 发送报文[][]:
2020-03-04 16:27:43 => 发送报文[][]:
2020-03-04 16:27:44 => 发送报文[][]:
2020-03-04 16:27:44 => 发送报文[][]:
2020-03-04 16:27:44 => 发送报文[][]:
2020-03-04 16:27:44 => 发送报文[][]:
2020-03-04 16:27:44 => 发送报文[][]:
2020-03-04 16:27:44 => 发送报文[][]:
2020-03-04 16:27:44 => 发送报文[][]:
2020-03-04 16:27:44 => 发送报文[][]:
2020-03-04 16:27:45 => 发送报文[][]:
2020-03-04 16:27:45 => 发送报文[][]:
2020-03-04 16:27:45 => 发送报文[][]:
2020-03-04 16:27:45 => 发送报文[][]:
2020-03-04 16:27:45 => 发送报文[][]:
2020-03-04 16:27:45 => 发送报文[][]:
2020-03-04 16:27:45 => 发送报文[][]:
2020-03-04 16:27:46 => 发送报文[][]:
2020-03-04 16:27:46 => 发送报文[][]:
2020-03-04 16:27:46 => 发送报文[][]:
2020-03-04 16:27:46 => 发送报文[][]:
2020-03-04 16:27:46 => 发送报文[][]:
2020-03-04 16:27:46 => 发送报文[][]:
2020-03-04 16:27:46 => 发送报文[][]:
2020-03-04 16:27:47 => 发送报文[][]:
2020-03-04 16:27:47 => 发送报文[][]:
2020-03-04 16:27:47 => 发送报文[][]:
2020-03-04 16:27:47 => 发送报文[][]:
2020-03-04 16:27:47 => 发送报文[][]:
2020-03-04 16:27:47 => 发送报文[][]:
2020-03-04 16:27:48 => 发送报文[][]:
2020-03-04 16:27:48 => 发送报文[][]:
2020-03-04 16:27:48 => 发送报文[][]:
2020-03-04 16:27:48 => 发送报文[][]:
2020-03-04 16:27:48 => 发送报文[][]:
2020-03-04 16:27:48 => 发送报文[][]:
2020-03-04 16:27:48 => 发送报文[][]:
2020-03-04 16:27:49 => 发送报文[][]:
2020-03-04 16:27:49 => 发送报文[][]:
2020-03-04 16:27:49 => 发送报文[][]:
2020-03-04 16:27:49 => 发送报文[][]:
2020-03-04 16:27:49 => 发送报文[][]:
2020-03-04 16:27:49 => 发送报文[][]:
2020-03-04 16:27:49 => 发送报文[][]:
2020-03-04 16:27:50 => 发送报文[][]:
2020-03-04 16:27:50 => 发送报文[][]:
2020-03-04 16:27:50 => 发送报文[][]:
2020-03-04 16:27:50 => 发送报文[][]:
2020-03-04 16:27:50 => 发送报文[][]:
2020-03-04 16:27:50 => 发送报文[][]:
2020-03-04 16:27:50 => 发送报文[][]:
2020-03-04 16:27:51 => 发送报文[][]:
2020-03-04 16:27:51 => 发送报文[][]:
2020-03-04 16:27:51 => 发送报文[][]:
2020-03-04 16:27:51 => 发送报文[][]:
2020-03-04 16:27:51 => 发送报文[][]:
2020-03-04 16:27:51 => 发送报文[][]:
2020-03-04 16:27:51 => 发送报文[][]:
2020-03-04 16:27:51 => 发送报文[][]:
2020-03-04 16:27:52 => 发送报文[][]:
2020-03-04 16:27:52 => 发送报文[][]:
2020-03-04 16:27:52 => 发送报文[][]:
2020-03-04 16:27:52 => 发送报文[][]:
2020-03-04 16:27:52 => 发送报文[][]:
2020-03-04 16:27:52 => 发送报文[][]:
2020-03-04 16:27:52 => 发送报文[][]:
2020-03-04 16:27:53 => 发送报文[][]:
2020-03-04 16:27:53 => 发送报文[][]:
2020-03-04 16:27:53 => 发送报文[][]:
2020-03-04 16:27:53 => 发送报文[][]:
2020-03-04 16:27:53 => 发送报文[][]:
2020-03-04 16:27:54 => 发送报文[][]:
2020-03-04 16:27:54 => 发送报文[][]:
2020-03-04 16:27:54 => 发送报文[][]:
2020-03-04 16:27:54 => 发送报文[][]:
2020-03-04 16:27:54 => 发送报文[][]:
2020-03-04 16:27:54 => 发送报文[][]:
2020-03-04 16:27:54 => 发送报文[][]:
2020-03-04 16:27:55 => 发送报文[][]:
2020-03-04 16:27:55 => 发送报文[][]:
2020-03-04 16:27:55 => 发送报文[][]:
2020-03-04 16:27:55 => 发送报文[][]:
2020-03-04 16:27:55 => 发送报文[][]:
2020-03-04 16:27:55 => 发送报文[][]:
2020-03-04 16:27:56 => 发送报文[][]:
2020-03-04 16:27:56 => 发送报文[][]:
2020-03-04 16:27:56 => 发送报文[][]:
2020-03-04 16:27:56 => 发送报文[][]:
2020-03-04 16:27:56 => 发送报文[][]:
2020-03-04 16:27:56 => 发送报文[][]:
2020-03-04 16:27:56 => 发送报文[][]:
2020-03-04 16:27:57 => 发送报文[][]:
2020-03-04 16:27:57 => 发送报文[][]:
2020-03-04 16:27:57 => 发送报文[][]:
2020-03-04 16:27:57 => 发送报文[][]:
2020-03-04 16:27:57 => 发送报文[][]:
2020-03-04 16:27:57 => 发送报文[][]:
2020-03-04 16:27:57 => 发送报文[][]:
2020-03-04 16:27:58 => 发送报文[][]:
2020-03-04 16:27:58 => 发送报文[][]:
2020-03-04 16:27:58 => 发送报文[][]:
2020-03-04 16:27:58 => 发送报文[][]:
2020-03-04 16:27:58 => 发送报文[][]:
2020-03-04 16:27:58 => 发送报文[][]:
2020-03-04 16:27:58 => 发送报文[][]:
2020-03-04 16:27:59 => 发送报文[][]:
2020-03-04 16:27:59 => 发送报文[][]:
2020-03-04 16:27:59 => 发送报文[][]:
2020-03-04 16:27:59 => 发送报文[][]:
2020-03-04 16:27:59 => 发送报文[][]:
2020-03-04 16:27:59 => 发送报文[][]:
2020-03-04 16:27:59 => 发送报文[][]:
2020-03-04 16:28:00 => 发送报文[][]:
2020-03-04 16:28:00 => 发送报文[][]:
2020-03-04 16:28:00 => 发送报文[][]:
2020-03-04 16:28:00 => 发送报文[][]:
2020-03-04 16:28:00 => 发送报文[][]:
2020-03-04 16:28:00 => 发送报文[][]:
2020-03-04 16:28:01 => 发送报文[][]:
2020-03-04 16:28:01 => 发送报文[][]:
2020-03-04 16:28:01 => 发送报文[][]:
2020-03-04 16:28:01 => 发送报文[][]:
2020-03-04 16:28:01 => 发送报文[][]:
2020-03-04 16:28:01 => 发送报文[][]:
2020-03-04 16:28:01 => 发送报文[][]:
2020-03-04 16:28:01 => 发送报文[][]:
2020-03-04 16:28:02 => 发送报文[][]:
2020-03-04 16:28:02 => 发送报文[][]:
2020-03-04 16:28:02 => 发送报文[][]:
2020-03-04 16:28:02 => 发送报文[][]:
2020-03-04 16:28:02 => 发送报文[][]:
2020-03-04 16:28:02 => 发送报文[][]:
2020-03-04 16:28:02 => 发送报文[][]:
2020-03-04 16:28:03 => 发送报文[][]:
2020-03-04 16:28:03 => 发送报文[][]:
2020-03-04 16:28:03 => 发送报文[][]:
2020-03-04 16:28:03 => 发送报文[][]:
2020-03-04 16:28:03 => 发送报文[][]:
2020-03-04 16:28:03 => 发送报文[][]:
2020-03-04 16:28:04 => 发送报文[][]:
2020-03-04 16:28:04 => 发送报文[][]:
2020-03-04 16:28:04 => 发送报文[][]:
2020-03-04 16:28:04 => 发送报文[][]:
2020-03-04 16:28:04 => 发送报文[][]:
2020-03-04 16:28:04 => 发送报文[][]:
2020-03-04 16:28:04 => 发送报文[][]:
2020-03-04 16:28:05 => 发送报文[][]:
2020-03-04 16:28:05 => 发送报文[][]:
2020-03-04 16:28:05 => 发送报文[][]:
2020-03-04 16:28:05 => 发送报文[][]:
2020-03-04 16:28:05 => 发送报文[][]:
2020-03-04 16:28:05 => 发送报文[][]:
2020-03-04 16:28:05 => 发送报文[][]:
2020-03-04 16:28:06 => 发送报文[][]:
2020-03-04 16:28:06 => 发送报文[][]:
2020-03-04 16:28:06 => 发送报文[][]:
2020-03-04 16:28:06 => 发送报文[][]:
2020-03-04 16:28:06 => 发送报文[][]:
2020-03-04 16:28:06 => 发送报文[][]:
2020-03-04 16:28:06 => 发送报文[][]:
2020-03-04 16:28:07 => 发送报文[][]:
2020-03-04 16:28:07 => 发送报文[][]:
2020-03-04 16:28:07 => 发送报文[][]:
2020-03-04 16:28:07 => 发送报文[][]:
2020-03-04 16:28:07 => 发送报文[][]:
2020-03-04 16:28:07 => 发送报文[][]:
2020-03-04 16:28:07 => 发送报文[][]:
2020-03-04 16:28:08 => 发送报文[][]:
2020-03-04 16:28:08 => 发送报文[][]:
2020-03-04 16:28:08 => 发送报文[][]:
2020-03-04 16:28:08 => 发送报文[][]:
2020-03-04 16:28:08 => 发送报文[][]:
2020-03-04 16:28:08 => 发送报文[][]:
2020-03-04 16:28:08 => 发送报文[][]:
2020-03-04 16:28:08 => 发送报文[][]:
2020-03-04 16:28:09 => 发送报文[][]:
2020-03-04 16:28:09 => 发送报文[][]:
2020-03-04 16:28:09 => 发送报文[][]:
2020-03-04 16:28:09 => 发送报文[][]:
2020-03-04 16:28:09 => 发送报文[][]:
2020-03-04 16:28:09 => 发送报文[][]:
2020-03-04 16:28:10 => 发送报文[][]:
2020-03-04 16:28:10 => 发送报文[][]:
2020-03-04 16:28:10 => 发送报文[][]:
2020-03-04 16:28:10 => 发送报文[][]:
2020-03-04 16:28:10 => 发送报文[][]:
2020-03-04 16:28:10 => 发送报文[][]:
2020-03-04 16:28:10 => 发送报文[][]:
2020-03-04 16:28:11 => 发送报文[][]:
2020-03-04 16:28:11 => 发送报文[][]:
2020-03-04 16:28:11 => 发送报文[][]:
2020-03-04 16:28:11 => 发送报文[][]:
2020-03-04 16:28:11 => 发送报文[][]:
2020-03-04 16:28:11 => 发送报文[][]:
2020-03-04 16:28:11 => 发送报文[][]:
2020-03-04 16:28:12 => 发送报文[][]:
2020-03-04 16:28:12 => 发送报文[][]:
2020-03-04 16:28:12 => 发送报文[][]:
2020-03-04 16:28:12 => 发送报文[][]:
2020-03-04 16:28:12 => 发送报文[][]:
2020-03-04 16:28:12 => 发送报文[][]:
2020-03-04 16:28:12 => 发送报文[][]:
2020-03-04 16:28:13 => 发送报文[][]:
2020-03-04 16:28:13 => 发送报文[][]:
2020-03-04 16:28:13 => 发送报文[][]:
2020-03-04 16:28:13 => 发送报文[][]:
2020-03-04 16:28:13 => 发送报文[][]:
2020-03-04 16:28:13 => 发送报文[][]:
2020-03-04 16:28:13 => 发送报文[][]:
2020-03-04 16:28:14 => 发送报文[][]:
2020-03-04 16:28:14 => 发送报文[][]:
2020-03-04 16:28:14 => 发送报文[][]:
2020-03-04 16:28:14 => 发送报文[][]:
2020-03-04 16:28:14 => 发送报文[][]:
2020-03-04 16:28:14 => 发送报文[][]:
2020-03-04 16:28:14 => 发送报文[][]:
2020-03-04 16:28:15 => 发送报文[][]:
2020-03-04 16:28:15 => 发送报文[][]:
2020-03-04 16:28:15 => 发送报文[][]:
2020-03-04 16:28:15 => 发送报文[][]:
2020-03-04 16:28:15 => 发送报文[][]:
2020-03-04 16:28:15 => 发送报文[][]:
2020-03-04 16:28:16 => 发送报文[][]:
2020-03-04 16:28:16 => 发送报文[][]:
2020-03-04 16:28:16 => 发送报文[][]:
2020-03-04 16:28:16 => 发送报文[][]:
2020-03-04 16:28:16 => 发送报文[][]:
2020-03-04 16:28:16 => 发送报文[][]:
2020-03-04 16:28:16 => 发送报文[][]:
2020-03-04 16:28:17 => 发送报文[][]:
2020-03-04 16:28:17 => 发送报文[][]:
2020-03-04 16:28:17 => 发送报文[][]:
2020-03-04 16:28:17 => 发送报文[][]:
2020-03-04 16:28:17 => 发送报文[][]:
2020-03-04 16:28:17 => 发送报文[][]:
2020-03-04 16:28:17 => 发送报文[][]:
2020-03-04 16:28:17 => 发送报文[][]:
2020-03-04 16:28:18 => 发送报文[][]:
2020-03-04 16:28:18 => 发送报文[][]:
2020-03-04 16:28:18 => 发送报文[][]:
2020-03-04 16:28:18 => 发送报文[][]:
2020-03-04 16:28:18 => 发送报文[][]:
2020-03-04 16:28:18 => 发送报文[][]:
2020-03-04 16:28:19 => 发送报文[][]:
2020-03-04 16:28:19 => 发送报文[][]:
2020-03-04 16:28:19 => 发送报文[][]:
2020-03-04 16:28:19 => 发送报文[][]:
2020-03-04 16:28:19 => 发送报文[][]:
2020-03-04 16:28:19 => 发送报文[][]:
2020-03-04 16:28:19 => 发送报文[][]:
2020-03-04 16:28:20 => 发送报文[][]:
2020-03-04 16:28:20 => 发送报文[][]:
2020-03-04 16:28:20 => 发送报文[][]:
2020-03-04 16:28:20 => 发送报文[][]:
2020-03-04 16:28:20 => 发送报文[][]:
2020-03-04 16:28:20 => 发送报文[][]:
2020-03-04 16:28:21 => 发送报文[][]:
2020-03-04 16:28:21 => 发送报文[][]:
2020-03-04 16:28:21 => 发送报文[][]:
2020-03-04 16:28:21 => 发送报文[][]:
2020-03-04 16:28:21 => 发送报文[][]:
2020-03-04 16:28:21 => 发送报文[][]:
2020-03-04 16:28:22 => 发送报文[][]:
2020-03-04 16:28:22 => 发送报文[][]:
2020-03-04 16:28:22 => 发送报文[][]:
2020-03-04 16:28:22 => 发送报文[][]:
2020-03-04 16:28:22 => 发送报文[][]:
2020-03-04 16:28:22 => 发送报文[][]:
2020-03-04 16:28:22 => 发送报文[][]:
2020-03-04 16:28:22 => 发送报文[][]:
2020-03-04 16:28:23 => 发送报文[][]:
2020-03-04 16:28:23 => 发送报文[][]:
2020-03-04 16:28:23 => 发送报文[][]:
2020-03-04 16:28:23 => 发送报文[][]:
2020-03-04 16:28:23 => 发送报文[][]:
2020-03-04 16:28:23 => 发送报文[][]:
2020-03-04 16:28:24 => 发送报文[][]:
2020-03-04 16:28:24 => 发送报文[][]:
2020-03-04 16:28:24 => 发送报文[][]:
2020-03-04 16:28:24 => 发送报文[][]:
2020-03-04 16:28:24 => 发送报文[][]:
2020-03-04 16:28:24 => 发送报文[][]:
2020-03-04 16:28:24 => 发送报文[][]:
2020-03-04 16:28:24 => 发送报文[][]:
2020-03-04 16:28:25 => 发送报文[][]:
2020-03-04 16:28:25 => 发送报文[][]:
2020-03-04 16:28:25 => 发送报文[][]:
2020-03-04 16:28:25 => 发送报文[][]:
2020-03-04 16:28:25 => 发送报文[][]:
2020-03-04 16:28:25 => 发送报文[][]:
2020-03-04 16:28:25 => 发送报文[][]:
2020-03-04 16:28:26 => 发送报文[][]:
2020-03-04 16:28:26 => 发送报文[][]:
2020-03-04 16:28:26 => 发送报文[][]:
2020-03-04 16:28:26 => 发送报文[][]:
2020-03-04 16:28:26 => 发送报文[][]:
2020-03-04 16:28:26 => 发送报文[][]:
2020-03-04 16:28:26 => 发送报文[][]:
2020-03-04 16:28:27 => 发送报文[][]:
2020-03-04 16:28:27 => 发送报文[][]:
2020-03-04 16:28:27 => 发送报文[][]:
2020-03-04 16:28:27 => 发送报文[][]:
2020-03-04 16:28:27 => 发送报文[][]:
2020-03-04 16:28:27 => 发送报文[][]:
2020-03-04 16:28:27 => 发送报文[][]:
2020-03-04 16:28:28 => 发送报文[][]:
2020-03-04 16:28:28 => 发送报文[][]:
2020-03-04 16:28:28 => 发送报文[][]:
2020-03-04 16:28:28 => 发送报文[][]:
2020-03-04 16:28:28 => 发送报文[][]:
2020-03-04 16:28:28 => 发送报文[][]:
2020-03-04 16:28:28 => 发送报文[][]:
2020-03-04 16:28:29 => 发送报文[][]:
2020-03-04 16:28:29 => 发送报文[][]:
2020-03-04 16:28:29 => 发送报文[][]:
2020-03-04 16:28:29 => 发送报文[][]:
2020-03-04 16:28:29 => 发送报文[][]:
2020-03-04 16:28:43 => 地税接口通讯系统启动
2020-03-04 16:28:43 => 发送报文[][]:
2020-03-04 16:28:43 => 发送报文[][]:
2020-03-04 16:28:43 => 发送报文[][]:
2020-03-04 16:28:43 => 发送报文[][]:
2020-03-04 16:28:44 => 发送报文[][]:
2020-03-04 16:28:44 => 发送报文[][]:
2020-03-04 16:28:44 => 发送报文[][]:
2020-03-04 16:28:44 => 发送报文[][]:
2020-03-04 16:28:44 => 发送报文[][]:
2020-03-04 16:28:44 => 发送报文[][]:
2020-03-04 16:28:44 => 发送报文[][]:
2020-03-04 16:28:45 => 发送报文[][]:
2020-03-04 16:28:45 => 发送报文[][]:
2020-03-04 16:28:45 => 发送报文[][]:
2020-03-04 16:28:45 => 发送报文[][]:
2020-03-04 16:28:45 => 发送报文[][]:
2020-03-04 16:28:45 => 发送报文[][]:
2020-03-04 16:28:45 => 发送报文[][]:
2020-03-04 16:28:46 => 发送报文[][]:
2020-03-04 16:28:46 => 发送报文[][]:
2020-03-04 16:28:46 => 发送报文[][]:
2020-03-04 16:28:46 => 发送报文[][]:
2020-03-04 16:28:46 => 发送报文[][]:
2020-03-04 16:28:46 => 发送报文[][]:
2020-03-04 16:28:46 => 发送报文[][]:
2020-03-04 16:28:47 => 发送报文[][]:
2020-03-04 16:28:47 => 发送报文[][]:
2020-03-04 16:28:47 => 发送报文[][]:
2020-03-04 16:28:47 => 发送报文[][]:
2020-03-04 16:28:47 => 发送报文[][]:
2020-03-04 16:28:47 => 发送报文[][]:
2020-03-04 16:28:47 => 发送报文[][]:
2020-03-04 16:28:48 => 发送报文[][]:
2020-03-04 16:28:48 => 发送报文[][]:
2020-03-04 16:28:48 => 发送报文[][]:
2020-03-04 16:28:48 => 发送报文[][]:
2020-03-04 16:28:48 => 发送报文[][]:
2020-03-04 16:28:48 => 发送报文[][]:
2020-03-04 16:28:48 => 发送报文[][]:
2020-03-04 16:28:49 => 发送报文[][]:
2020-03-04 16:28:49 => 发送报文[][]:
2020-03-04 16:28:49 => 发送报文[][]:
2020-03-04 16:28:49 => 发送报文[][]:
2020-03-04 16:28:49 => 发送报文[][]:
2020-03-04 16:28:49 => 发送报文[][]:
2020-03-04 16:28:49 => 发送报文[][]:
2020-03-04 16:28:50 => 发送报文[][]:
2020-03-04 16:28:50 => 发送报文[][]:
2020-03-04 16:28:50 => 发送报文[][]:
2020-03-04 16:28:50 => 发送报文[][]:
2020-03-04 16:28:50 => 发送报文[][]:
2020-03-04 16:28:50 => 发送报文[][]:
2020-03-04 16:28:50 => 发送报文[][]:
2020-03-04 16:28:51 => 发送报文[][]:
2020-03-04 16:28:51 => 发送报文[][]:
2020-03-04 16:28:51 => 发送报文[][]:
2020-03-04 16:28:51 => 发送报文[][]:
2020-03-04 16:28:51 => 发送报文[][]:
2020-03-04 16:28:51 => 发送报文[][]:
2020-03-04 16:28:51 => 发送报文[][]:
2020-03-04 16:28:52 => 发送报文[][]:
2020-03-04 16:28:52 => 发送报文[][]:
2020-03-04 16:28:52 => 发送报文[][]:
2020-03-04 16:28:52 => 发送报文[][]:
2020-03-04 16:28:52 => 发送报文[][]:
2020-03-04 16:28:52 => 发送报文[][]:
2020-03-04 16:28:52 => 发送报文[][]:
2020-03-04 16:28:53 => 发送报文[][]:
2020-03-04 16:28:53 => 发送报文[][]:
2020-03-04 16:28:53 => 发送报文[][]:
2020-03-04 16:28:53 => 发送报文[][]:
2020-03-04 16:28:53 => 发送报文[][]:
2020-03-04 16:28:53 => 发送报文[][]:
2020-03-04 16:28:53 => 发送报文[][]:
2020-03-04 16:28:54 => 发送报文[][]:
2020-03-04 16:28:54 => 发送报文[][]:
2020-03-04 16:28:54 => 发送报文[][]:
2020-03-04 16:28:54 => 发送报文[][]:
2020-03-04 16:28:54 => 发送报文[][]:
2020-03-04 16:28:54 => 发送报文[][]:
2020-03-04 16:28:54 => 发送报文[][]:
2020-03-04 16:28:55 => 发送报文[][]:
2020-03-04 16:28:55 => 发送报文[][]:
2020-03-04 16:28:55 => 发送报文[][]:
2020-03-04 16:28:55 => 发送报文[][]:
2020-03-04 16:28:55 => 发送报文[][]:
2020-03-04 16:28:55 => 发送报文[][]:
2020-03-04 16:28:55 => 发送报文[][]:
2020-03-04 16:28:56 => 发送报文[][]:
2020-03-04 16:28:56 => 发送报文[][]:
2020-03-04 16:28:56 => 发送报文[][]:
2020-03-04 16:28:56 => 发送报文[][]:
2020-03-04 16:28:56 => 发送报文[][]:
2020-03-04 16:28:56 => 发送报文[][]:
2020-03-04 16:28:56 => 发送报文[][]:
2020-03-04 16:28:57 => 发送报文[][]:
2020-03-04 16:28:57 => 发送报文[][]:
2020-03-04 16:28:57 => 发送报文[][]:
2020-03-04 16:28:57 => 发送报文[][]:
2020-03-04 16:28:57 => 发送报文[][]:
2020-03-04 16:28:57 => 发送报文[][]:
2020-03-04 16:28:57 => 发送报文[][]:
2020-03-04 16:28:58 => 发送报文[][]:
2020-03-04 16:28:58 => 发送报文[][]:
2020-03-04 16:28:58 => 发送报文[][]:
2020-03-04 16:28:58 => 发送报文[][]:
2020-03-04 16:28:58 => 发送报文[][]:
2020-03-04 16:28:58 => 发送报文[][]:
2020-03-04 16:28:58 => 发送报文[][]:
2020-03-04 16:28:59 => 发送报文[][]:
2020-03-04 16:28:59 => 发送报文[][]:
2020-03-04 16:28:59 => 发送报文[][]:
2020-03-04 16:28:59 => 发送报文[][]:
2020-03-04 16:28:59 => 发送报文[][]:
2020-03-04 16:28:59 => 发送报文[][]:
2020-03-04 16:28:59 => 发送报文[][]:
2020-03-04 16:29:00 => 发送报文[][]:
2020-03-04 16:29:00 => 发送报文[][]:
2020-03-04 16:29:00 => 发送报文[][]:
2020-03-04 16:30:35 => 地税接口通讯系统启动
2020-03-04 16:32:46 => 发送报文[http://162.12.15.224/services/pdjhjWebService_updateQhhm?wsdl][updateQhhmNew]:25FAA763E9C95681E053CA1614A2D27C|10000384|E104|1583310472000|||
2020-03-04 16:33:28 => 发送报文[http://162.12.15.224/services/pdjhjWebService_updateQhhm?wsdl][updateQhhmNew]:25FAA763E9C95681E053CA1614A2D27C|10000384|E104|1583310472000|||
